This is pdfTeX, Version 3.14159265-2.6-1.40.20 (MiKTeX 2.9.7000 64-bit) (preloaded format=pdflatex 2019.3.26)  10 FEB 2021 11:27
entering extended mode
**./main.tex
(main.tex
LaTeX2e <2018-12-01>
(Einstellungen/Klasse.tex
("C:\Users\Alexander Daily\AppData\Local\Programs\MiKTeX 2.9\tex/latex/koma-scr
ipt\scrartcl.cls"
Document Class: scrartcl 2019/02/01 v3.26b KOMA-Script document class (article)


("C:\Users\Alexander Daily\AppData\Local\Programs\MiKTeX 2.9\tex/latex/koma-scr
ipt\scrkbase.sty"
Package: scrkbase 2019/02/01 v3.26b KOMA-Script package (KOMA-Script-dependent 
basics and keyval usage)

("C:\Users\Alexander Daily\AppData\Local\Programs\MiKTeX 2.9\tex/latex/koma-scr
ipt\scrbase.sty"
Package: scrbase 2019/02/01 v3.26b KOMA-Script package (KOMA-Script-independent
 basics and keyval usage)

("C:\Users\Alexander Daily\AppData\Local\Programs\MiKTeX 2.9\tex/latex/graphics
\keyval.sty"
Package: keyval 2014/10/28 v1.15 key=value parser (DPC)
\KV@toks@=\toks14
)
("C:\Users\Alexander Daily\AppData\Local\Programs\MiKTeX 2.9\tex/latex/koma-scr
ipt\scrlfile.sty"
Package: scrlfile 2019/02/01 v3.26b KOMA-Script package (loading files)
)))
("C:\Users\Alexander Daily\AppData\Local\Programs\MiKTeX 2.9\tex/latex/koma-scr
ipt\tocbasic.sty"
Package: tocbasic 2019/02/01 v3.26b KOMA-Script package (handling toc-files)
\scr@dte@tocline@numberwidth=\skip41
\scr@dte@tocline@numbox=\box27
)
Package tocbasic Info: omitting babel extension for `toc'
(tocbasic)             because of feature `nobabel' available
(tocbasic)             for `toc' on input line 134.
Class scrartcl Info: File `scrsize11pt.clo' used instead of
(scrartcl)           file `scrsize11.clo' to setup font sizes on input line 216
2.

("C:\Users\Alexander Daily\AppData\Local\Programs\MiKTeX 2.9\tex/latex/koma-scr
ipt\scrsize11pt.clo"
File: scrsize11pt.clo 2019/02/01 v3.26b KOMA-Script font size class option (11p
t)
)
("C:\Users\Alexander Daily\AppData\Local\Programs\MiKTeX 2.9\tex/latex/koma-scr
ipt\typearea.sty"
Package: typearea 2019/02/01 v3.26b KOMA-Script package (type area)
\ta@bcor=\skip42
\ta@div=\count80
\ta@hblk=\skip43
\ta@vblk=\skip44
\ta@temp=\skip45
\footheight=\skip46
Package typearea Info: These are the values describing the layout:
(typearea)             DIV  = 10
(typearea)             BCOR = 0.0pt
(typearea)             \paperwidth      = 597.50793pt
(typearea)              \textwidth      = 418.25555pt
(typearea)              DIV departure   = -6%
(typearea)              \evensidemargin = 17.3562pt
(typearea)              \oddsidemargin  = 17.3562pt
(typearea)             \paperheight     = 845.04694pt
(typearea)              \textheight     = 595.80026pt
(typearea)              \topmargin      = -25.16531pt
(typearea)              \headheight     = 17.0pt
(typearea)              \headsep        = 20.40001pt
(typearea)              \topskip        = 11.0pt
(typearea)              \footskip       = 47.6pt
(typearea)              \baselineskip   = 13.6pt
(typearea)              on input line 1715.
)
\c@part=\count81
\c@section=\count82
\c@subsection=\count83
\c@subsubsection=\count84
\c@paragraph=\count85
\c@subparagraph=\count86
\scr@dte@section@maxnumwidth=\skip47
Class scrartcl Info: using compatibility default `runin=bysign'
(scrartcl)           for `\section on input line 4489.
Class scrartcl Info: using compatibility default `afterindent=bysign'
(scrartcl)           for `\section on input line 4489.
\scr@dte@part@maxnumwidth=\skip48
Class scrartcl Info: using compatibility default `afterindent=false'
(scrartcl)           for `\part on input line 4497.
\scr@dte@subsection@maxnumwidth=\skip49
Class scrartcl Info: using compatibility default `runin=bysign'
(scrartcl)           for `\subsection on input line 4507.
Class scrartcl Info: using compatibility default `afterindent=bysign'
(scrartcl)           for `\subsection on input line 4507.
\scr@dte@subsubsection@maxnumwidth=\skip50
Class scrartcl Info: using compatibility default `runin=bysign'
(scrartcl)           for `\subsubsection on input line 4517.
Class scrartcl Info: using compatibility default `afterindent=bysign'
(scrartcl)           for `\subsubsection on input line 4517.
\scr@dte@paragraph@maxnumwidth=\skip51
Class scrartcl Info: using compatibility default `runin=bysign'
(scrartcl)           for `\paragraph on input line 4527.
Class scrartcl Info: using compatibility default `afterindent=bysign'
(scrartcl)           for `\paragraph on input line 4527.
\scr@dte@subparagraph@maxnumwidth=\skip52
Class scrartcl Info: using compatibility default `runin=bysign'
(scrartcl)           for `\subparagraph on input line 4537.
Class scrartcl Info: using compatibility default `afterindent=bysign'
(scrartcl)           for `\subparagraph on input line 4537.
\abovecaptionskip=\skip53
\belowcaptionskip=\skip54
\c@pti@nb@sid@b@x=\box28
Package tocbasic Info: omitting babel extension for `lof'
(tocbasic)             because of feature `nobabel' available
(tocbasic)             for `lof' on input line 5781.
\scr@dte@figure@maxnumwidth=\skip55
\c@figure=\count87
Package tocbasic Info: omitting babel extension for `lot'
(tocbasic)             because of feature `nobabel' available
(tocbasic)             for `lot' on input line 5793.
\scr@dte@table@maxnumwidth=\skip56
\c@table=\count88
Class scrartcl Info: Redefining `\numberline' on input line 5957.
\bibindent=\dimen102
))
("C:\Users\Alexander Daily\AppData\Local\Programs\MiKTeX 2.9\tex/generic/babel\
babel.sty"
Package: babel 2018/11/13 3.27 The Babel package

("C:\Users\Alexander Daily\AppData\Local\Programs\MiKTeX 2.9\tex/generic/babel\
switch.def"
File: switch.def 2018/11/13 3.27 Babel switching mechanism
)
*************************************
* Local config file bblopts.cfg used
*

("C:\Users\Alexander Daily\AppData\Local\Programs\MiKTeX 2.9\tex/latex/arabi\bb
lopts.cfg"
File: bblopts.cfg 2005/09/08 v0.1 add Arabic and Farsi to "declared" options of
 babel
)
("C:\Users\Alexander Daily\AppData\Local\Programs\MiKTeX 2.9\tex/latex/babel-ge
rman\ngerman.ldf"
Language: ngerman 2018/12/08 v2.11 German support for babel (post-1996 orthogra
phy)

("C:\Users\Alexander Daily\AppData\Local\Programs\MiKTeX 2.9\tex/latex/babel-ge
rman\ngermanb.ldf"
Language: ngermanb 2018/12/08 v2.11 German support for babel (post-1996 orthogr
aphy)

("C:\Users\Alexander Daily\AppData\Local\Programs\MiKTeX 2.9\tex/generic/babel\
babel.def"
File: babel.def 2018/11/13 3.27 Babel common definitions
\babel@savecnt=\count89
\U@D=\dimen103

("C:\Users\Alexander Daily\AppData\Local\Programs\MiKTeX 2.9\tex/generic/babel\
txtbabel.def")
\bbl@dirlevel=\count90
)
Package babel Info: Making " an active character on input line 121.
)))
("C:\Users\Alexander Daily\AppData\Local\Programs\MiKTeX 2.9\tex/latex/base\inp
utenc.sty"
Package: inputenc 2018/08/11 v1.3c Input encoding file
\inpenc@prehook=\toks15
\inpenc@posthook=\toks16

("C:\Users\Alexander Daily\AppData\Local\Programs\MiKTeX 2.9\tex/latex/ucs\utf8
x.def"
File: utf8x.def 2004/10/17 UCS: Input encoding UTF-8
))
("C:\Users\Alexander Daily\AppData\Local\Programs\MiKTeX 2.9\tex/latex/ucs\ucs.
sty"
Package: ucs 2013/05/11 v2.2 UCS: Unicode input support

("C:\Users\Alexander Daily\AppData\Local\Programs\MiKTeX 2.9\tex/latex/ucs\uni-
global.def"
File: uni-global.def 2013/05/13 UCS: Unicode global data
)
\uc@secondtry=\count91
\uc@combtoks=\toks17
\uc@combtoksb=\toks18
\uc@temptokena=\toks19
)
("C:\Users\Alexander Daily\AppData\Local\Programs\MiKTeX 2.9\tex/latex/oberdiek
\selinput.sty"
Package: selinput 2016/05/17 v1.4 Semi-automatic input encoding detection (HO)

("C:\Users\Alexander Daily\AppData\Local\Programs\MiKTeX 2.9\tex/generic/oberdi
ek\kvsetkeys.sty"
Package: kvsetkeys 2016/05/16 v1.17 Key value parser (HO)

("C:\Users\Alexander Daily\AppData\Local\Programs\MiKTeX 2.9\tex/generic/oberdi
ek\infwarerr.sty"
Package: infwarerr 2016/05/16 v1.4 Providing info/warning/error messages (HO)
)
("C:\Users\Alexander Daily\AppData\Local\Programs\MiKTeX 2.9\tex/generic/oberdi
ek\etexcmds.sty"
Package: etexcmds 2016/05/16 v1.6 Avoid name clashes with e-TeX commands (HO)

("C:\Users\Alexander Daily\AppData\Local\Programs\MiKTeX 2.9\tex/generic/oberdi
ek\ifluatex.sty"
Package: ifluatex 2016/05/16 v1.4 Provides the ifluatex switch (HO)
Package ifluatex Info: LuaTeX not detected.
)))
("C:\Users\Alexander Daily\AppData\Local\Programs\MiKTeX 2.9\tex/generic/oberdi
ek\stringenc.sty"
Package: stringenc 2016/05/16 v1.11 Convert strings between diff. encodings (HO
)

("C:\Users\Alexander Daily\AppData\Local\Programs\MiKTeX 2.9\tex/generic/oberdi
ek\ltxcmds.sty"
Package: ltxcmds 2016/05/16 v1.23 LaTeX kernel commands for general use (HO)
)
("C:\Users\Alexander Daily\AppData\Local\Programs\MiKTeX 2.9\tex/generic/oberdi
ek\pdfescape.sty"
Package: pdfescape 2016/05/16 v1.14 Implements pdfTeX's escape features (HO)

("C:\Users\Alexander Daily\AppData\Local\Programs\MiKTeX 2.9\tex/generic/oberdi
ek\pdftexcmds.sty"
Package: pdftexcmds 2018/09/10 v0.29 Utility functions of pdfTeX for LuaTeX (HO
)

("C:\Users\Alexander Daily\AppData\Local\Programs\MiKTeX 2.9\tex/generic/oberdi
ek\ifpdf.sty"
Package: ifpdf 2018/09/07 v3.3 Provides the ifpdf switch
)
Package pdftexcmds Info: LuaTeX not detected.
Package pdftexcmds Info: \pdf@primitive is available.
Package pdftexcmds Info: \pdf@ifprimitive is available.
Package pdftexcmds Info: \pdfdraftmode found.
)))
("C:\Users\Alexander Daily\AppData\Local\Programs\MiKTeX 2.9\tex/latex/oberdiek
\kvoptions.sty"
Package: kvoptions 2016/05/16 v3.12 Key value format for package options (HO)
))
("C:\Users\Alexander Daily\AppData\Local\Programs\MiKTeX 2.9\tex/latex/oberdiek
\ix-name.def"
File: ix-name.def 2016/05/16 v1.11 Name list (inputenx)
)
("C:\Users\Alexander Daily\AppData\Local\Programs\MiKTeX 2.9\tex/generic/oberdi
ek\se-utf8.def"
File: se-utf8.def 2016/05/16 v1.11 stringenc: UTF-8
)
("C:\Users\Alexander Daily\AppData\Local\Programs\MiKTeX 2.9\tex/latex/ucs\utf8
x.def"
File: utf8x.def 2004/10/17 UCS: Input encoding UTF-8
)
Package selinput Info: Encoding `utf8x' selected on input line 16.
 (Einstellungen/Projekteinstellungen.tex
\bindCorrection=\skip57
)
(Einstellungen/Einstellungen.tex (Einstellungen/Satzeinstellungen.tex
("C:\Users\Alexander Daily\AppData\Local\Programs\MiKTeX 2.9\tex/latex/setspace
\setspace.sty"
Package: setspace 2011/12/19 v6.7a set line spacing
)) (Einstellungen/Hilfspakete.tex
("C:\Users\Alexander Daily\AppData\Local\Programs\MiKTeX 2.9\tex/latex/blindtex
t\blindtext.sty"
Package: blindtext 2012/01/06 V2.0 blindtext-Package

("C:\Users\Alexander Daily\AppData\Local\Programs\MiKTeX 2.9\tex/latex/tools\xs
pace.sty"
Package: xspace 2014/10/28 v1.13 Space after command names (DPC,MH)
)
\c@blindtext=\count92
\c@Blindtext=\count93
\c@blind@countparstart=\count94
\blind@countxx=\count95
\blindtext@numBlindtext=\count96
\blind@countyy=\count97
\c@blindlist=\count98
\c@blindlistlevel=\count99
\c@blindlist@level=\count100
\blind@listitem=\count101
\c@blind@listcount=\count102
\c@blind@levelcount=\count103
\blind@mathformula=\count104
\blind@Mathformula=\count105
\c@blind@randomcount=\count106
\c@blind@randommax=\count107
\c@blind@pangramcount=\count108
\c@blind@pangrammax=\count109
)
("C:\Users\Alexander Daily\AppData\Local\Programs\MiKTeX 2.9\tex/latex/etoolbox
\etoolbox.sty"
Package: etoolbox 2020/10/05 v2.5k e-TeX tools for LaTeX (JAW)
\etb@tempcnta=\count110
)
("C:\Users\Alexander Daily\AppData\Local\Programs\MiKTeX 2.9\tex/latex/base\ift
hen.sty"
Package: ifthen 2014/09/29 v1.1c Standard LaTeX ifthen package (DPC)
)
("C:\Users\Alexander Daily\AppData\Local\Programs\MiKTeX 2.9\tex/latex/mdwtools
\mdwlist.sty"
Package: mdwlist 1996/05/02 1.1 Various list-related things
)
("C:\Users\Alexander Daily\AppData\Local\Programs\MiKTeX 2.9\tex/latex/tools\va
rioref.sty"
Package: varioref 2016/02/16 v1.5c package for extended references (FMi)
\c@vrcnt=\count111
)
("C:\Users\Alexander Daily\AppData\Local\Programs\MiKTeX 2.9\tex/latex/subfig\s
ubfig.sty"
Package: subfig 2005/06/28 ver: 1.3 subfig package

("C:\Users\Alexander Daily\AppData\Local\Programs\MiKTeX 2.9\tex/latex/caption\
caption.sty"
Package: caption 2020/10/26 v3.5g Customizing captions (AR)

("C:\Users\Alexander Daily\AppData\Local\Programs\MiKTeX 2.9\tex/latex/caption\
caption3.sty"
Package: caption3 2020/10/21 v2.2e caption3 kernel (AR)
\captionmargin=\dimen104
\captionmargin@=\dimen105
\captionwidth=\dimen106
\caption@tempdima=\dimen107
\caption@indent=\dimen108
\caption@parindent=\dimen109
\caption@hangindent=\dimen110
Package caption Info: KOMA-Script document class detected.

("C:\Users\Alexander Daily\AppData\Local\Programs\MiKTeX 2.9\tex/latex/caption\
caption-koma.sto"
File: caption-koma.sto 2020/09/21 v2.0b Adaption of the caption package to the 
KOMA-Script document classes (AR)
))
\c@caption@flags=\count112
\c@continuedfloat=\count113
)
\c@KVtest=\count114
\sf@farskip=\skip58
\sf@captopadj=\dimen111
\sf@capskip=\skip59
\sf@nearskip=\skip60
\c@subfigure=\count115
\c@subfigure@save=\count116
\c@lofdepth=\count117
\c@subtable=\count118
\c@subtable@save=\count119
\c@lotdepth=\count120
\sf@top=\skip61
\sf@bottom=\skip62
)
("C:\Users\Alexander Daily\AppData\Local\Programs\MiKTeX 2.9\tex/latex/eurosym\
eurosym.sty"
Package: eurosym 1998/08/06 v1.1 European currency symbol ``Euro''
\@eurobox=\box29
)
("C:\Users\Alexander Daily\AppData\Local\Programs\MiKTeX 2.9\tex/latex/tools\af
terpage.sty"
Package: afterpage 2014/10/28 v1.08 After-Page Package (DPC)
\AP@output=\toks20
\AP@partial=\box30
\AP@footins=\box31
)
("C:\Users\Alexander Daily\AppData\Local\Programs\MiKTeX 2.9\tex/latex/framed\f
ramed.sty"
Package: framed 2011/10/22 v 0.96: framed or shaded text with page breaks
\OuterFrameSep=\skip63
\fb@frw=\dimen112
\fb@frh=\dimen113
\FrameRule=\dimen114
\FrameSep=\dimen115
)) (Einstellungen/Layout.tex
("C:\Users\Alexander Daily\AppData\Local\Programs\MiKTeX 2.9\tex/latex/lm\lmode
rn.sty"
Package: lmodern 2009/10/30 v1.6 Latin Modern Fonts
LaTeX Font Info:    Overwriting symbol font `operators' in version `normal'
(Font)                  OT1/cmr/m/n --> OT1/lmr/m/n on input line 22.
LaTeX Font Info:    Overwriting symbol font `letters' in version `normal'
(Font)                  OML/cmm/m/it --> OML/lmm/m/it on input line 23.
LaTeX Font Info:    Overwriting symbol font `symbols' in version `normal'
(Font)                  OMS/cmsy/m/n --> OMS/lmsy/m/n on input line 24.
LaTeX Font Info:    Overwriting symbol font `largesymbols' in version `normal'
(Font)                  OMX/cmex/m/n --> OMX/lmex/m/n on input line 25.
LaTeX Font Info:    Overwriting symbol font `operators' in version `bold'
(Font)                  OT1/cmr/bx/n --> OT1/lmr/bx/n on input line 26.
LaTeX Font Info:    Overwriting symbol font `letters' in version `bold'
(Font)                  OML/cmm/b/it --> OML/lmm/b/it on input line 27.
LaTeX Font Info:    Overwriting symbol font `symbols' in version `bold'
(Font)                  OMS/cmsy/b/n --> OMS/lmsy/b/n on input line 28.
LaTeX Font Info:    Overwriting symbol font `largesymbols' in version `bold'
(Font)                  OMX/cmex/m/n --> OMX/lmex/m/n on input line 29.
LaTeX Font Info:    Overwriting math alphabet `\mathbf' in version `normal'
(Font)                  OT1/cmr/bx/n --> OT1/lmr/bx/n on input line 31.
LaTeX Font Info:    Overwriting math alphabet `\mathsf' in version `normal'
(Font)                  OT1/cmss/m/n --> OT1/lmss/m/n on input line 32.
LaTeX Font Info:    Overwriting math alphabet `\mathit' in version `normal'
(Font)                  OT1/cmr/m/it --> OT1/lmr/m/it on input line 33.
LaTeX Font Info:    Overwriting math alphabet `\mathtt' in version `normal'
(Font)                  OT1/cmtt/m/n --> OT1/lmtt/m/n on input line 34.
LaTeX Font Info:    Overwriting math alphabet `\mathbf' in version `bold'
(Font)                  OT1/cmr/bx/n --> OT1/lmr/bx/n on input line 35.
LaTeX Font Info:    Overwriting math alphabet `\mathsf' in version `bold'
(Font)                  OT1/cmss/bx/n --> OT1/lmss/bx/n on input line 36.
LaTeX Font Info:    Overwriting math alphabet `\mathit' in version `bold'
(Font)                  OT1/cmr/bx/it --> OT1/lmr/bx/it on input line 37.
LaTeX Font Info:    Overwriting math alphabet `\mathtt' in version `bold'
(Font)                  OT1/cmtt/m/n --> OT1/lmtt/m/n on input line 38.
)
("C:\Users\Alexander Daily\AppData\Local\Programs\MiKTeX 2.9\tex/latex/base\tex
tcomp.sty"
Package: textcomp 2018/08/11 v2.0j Standard LaTeX package
Package textcomp Info: Sub-encoding information:
(textcomp)               5 = only ISO-Adobe without \textcurrency
(textcomp)               4 = 5 + \texteuro
(textcomp)               3 = 4 + \textohm
(textcomp)               2 = 3 + \textestimated + \textcurrency
(textcomp)               1 = TS1 - \textcircled - \t
(textcomp)               0 = TS1 (full)
(textcomp)             Font families with sub-encoding setting implement
(textcomp)             only a restricted character set as indicated.
(textcomp)             Family '?' is the default used for unknown fonts.
(textcomp)             See the documentation for details.
Package textcomp Info: Setting ? sub-encoding to TS1/1 on input line 79.

("C:\Users\Alexander Daily\AppData\Local\Programs\MiKTeX 2.9\tex/latex/base\ts1
enc.def"
File: ts1enc.def 2001/06/05 v3.0e (jk/car/fm) Standard LaTeX file
)
LaTeX Info: Redefining \oldstylenums on input line 334.
Package textcomp Info: Setting cmr sub-encoding to TS1/0 on input line 349.
Package textcomp Info: Setting cmss sub-encoding to TS1/0 on input line 350.
Package textcomp Info: Setting cmtt sub-encoding to TS1/0 on input line 351.
Package textcomp Info: Setting cmvtt sub-encoding to TS1/0 on input line 352.
Package textcomp Info: Setting cmbr sub-encoding to TS1/0 on input line 353.
Package textcomp Info: Setting cmtl sub-encoding to TS1/0 on input line 354.
Package textcomp Info: Setting ccr sub-encoding to TS1/0 on input line 355.
Package textcomp Info: Setting ptm sub-encoding to TS1/4 on input line 356.
Package textcomp Info: Setting pcr sub-encoding to TS1/4 on input line 357.
Package textcomp Info: Setting phv sub-encoding to TS1/4 on input line 358.
Package textcomp Info: Setting ppl sub-encoding to TS1/3 on input line 359.
Package textcomp Info: Setting pag sub-encoding to TS1/4 on input line 360.
Package textcomp Info: Setting pbk sub-encoding to TS1/4 on input line 361.
Package textcomp Info: Setting pnc sub-encoding to TS1/4 on input line 362.
Package textcomp Info: Setting pzc sub-encoding to TS1/4 on input line 363.
Package textcomp Info: Setting bch sub-encoding to TS1/4 on input line 364.
Package textcomp Info: Setting put sub-encoding to TS1/5 on input line 365.
Package textcomp Info: Setting uag sub-encoding to TS1/5 on input line 366.
Package textcomp Info: Setting ugq sub-encoding to TS1/5 on input line 367.
Package textcomp Info: Setting ul8 sub-encoding to TS1/4 on input line 368.
Package textcomp Info: Setting ul9 sub-encoding to TS1/4 on input line 369.
Package textcomp Info: Setting augie sub-encoding to TS1/5 on input line 370.
Package textcomp Info: Setting dayrom sub-encoding to TS1/3 on input line 371.
Package textcomp Info: Setting dayroms sub-encoding to TS1/3 on input line 372.

Package textcomp Info: Setting pxr sub-encoding to TS1/0 on input line 373.
Package textcomp Info: Setting pxss sub-encoding to TS1/0 on input line 374.
Package textcomp Info: Setting pxtt sub-encoding to TS1/0 on input line 375.
Package textcomp Info: Setting txr sub-encoding to TS1/0 on input line 376.
Package textcomp Info: Setting txss sub-encoding to TS1/0 on input line 377.
Package textcomp Info: Setting txtt sub-encoding to TS1/0 on input line 378.
Package textcomp Info: Setting lmr sub-encoding to TS1/0 on input line 379.
Package textcomp Info: Setting lmdh sub-encoding to TS1/0 on input line 380.
Package textcomp Info: Setting lmss sub-encoding to TS1/0 on input line 381.
Package textcomp Info: Setting lmssq sub-encoding to TS1/0 on input line 382.
Package textcomp Info: Setting lmvtt sub-encoding to TS1/0 on input line 383.
Package textcomp Info: Setting lmtt sub-encoding to TS1/0 on input line 384.
Package textcomp Info: Setting qhv sub-encoding to TS1/0 on input line 385.
Package textcomp Info: Setting qag sub-encoding to TS1/0 on input line 386.
Package textcomp Info: Setting qbk sub-encoding to TS1/0 on input line 387.
Package textcomp Info: Setting qcr sub-encoding to TS1/0 on input line 388.
Package textcomp Info: Setting qcs sub-encoding to TS1/0 on input line 389.
Package textcomp Info: Setting qpl sub-encoding to TS1/0 on input line 390.
Package textcomp Info: Setting qtm sub-encoding to TS1/0 on input line 391.
Package textcomp Info: Setting qzc sub-encoding to TS1/0 on input line 392.
Package textcomp Info: Setting qhvc sub-encoding to TS1/0 on input line 393.
Package textcomp Info: Setting futs sub-encoding to TS1/4 on input line 394.
Package textcomp Info: Setting futx sub-encoding to TS1/4 on input line 395.
Package textcomp Info: Setting futj sub-encoding to TS1/4 on input line 396.
Package textcomp Info: Setting hlh sub-encoding to TS1/3 on input line 397.
Package textcomp Info: Setting hls sub-encoding to TS1/3 on input line 398.
Package textcomp Info: Setting hlst sub-encoding to TS1/3 on input line 399.
Package textcomp Info: Setting hlct sub-encoding to TS1/5 on input line 400.
Package textcomp Info: Setting hlx sub-encoding to TS1/5 on input line 401.
Package textcomp Info: Setting hlce sub-encoding to TS1/5 on input line 402.
Package textcomp Info: Setting hlcn sub-encoding to TS1/5 on input line 403.
Package textcomp Info: Setting hlcw sub-encoding to TS1/5 on input line 404.
Package textcomp Info: Setting hlcf sub-encoding to TS1/5 on input line 405.
Package textcomp Info: Setting pplx sub-encoding to TS1/3 on input line 406.
Package textcomp Info: Setting pplj sub-encoding to TS1/3 on input line 407.
Package textcomp Info: Setting ptmx sub-encoding to TS1/4 on input line 408.
Package textcomp Info: Setting ptmj sub-encoding to TS1/4 on input line 409.
)
("C:\Users\Alexander Daily\AppData\Local\Programs\MiKTeX 2.9\tex/latex/psnfss\c
ourier.sty"
Package: courier 2005/04/12 PSNFSS-v9.2a (WaS) 
)
("C:\Users\Alexander Daily\AppData\Local\Programs\MiKTeX 2.9\tex/latex/microtyp
e\microtype.sty"
Package: microtype 2020/12/07 v2.8 Micro-typographical refinements (RS)
\MT@toks=\toks21
\MT@count=\count121
LaTeX Info: Redefining \textls on input line 788.
\MT@outer@kern=\dimen116
LaTeX Info: Redefining \textmicrotypecontext on input line 1358.
\MT@listname@count=\count122

("C:\Users\Alexander Daily\AppData\Local\Programs\MiKTeX 2.9\tex/latex/microtyp
e\microtype-pdftex.def"
File: microtype-pdftex.def 2020/12/07 v2.8 Definitions specific to pdftex (RS)
LaTeX Info: Redefining \lsstyle on input line 915.
LaTeX Info: Redefining \lslig on input line 915.
\MT@outer@space=\skip64
)
Package microtype Info: Loading configuration file microtype.cfg.

("C:\Users\Alexander Daily\AppData\Local\Programs\MiKTeX 2.9\tex/latex/microtyp
e\microtype.cfg"
File: microtype.cfg 2020/12/07 v2.8 microtype main configuration file (RS)
))
Class scrartcl Info: File `scrsize11pt.clo' used to setup font sizes on input l
ine 21.

("C:\Users\Alexander Daily\AppData\Local\Programs\MiKTeX 2.9\tex/latex/koma-scr
ipt\scrsize11pt.clo"
File: scrsize11pt.clo 2019/02/01 v3.26b KOMA-Script font size class option (11p
t)
)
("C:\Users\Alexander Daily\AppData\Local\Programs\MiKTeX 2.9\tex/latex/geometry
\geometry.sty"
Package: geometry 2018/04/16 v5.8 Page Geometry

("C:\Users\Alexander Daily\AppData\Local\Programs\MiKTeX 2.9\tex/generic/oberdi
ek\ifvtex.sty"
Package: ifvtex 2016/05/16 v1.6 Detect VTeX and its facilities (HO)
Package ifvtex Info: VTeX not detected.
)
("C:\Users\Alexander Daily\AppData\Local\Programs\MiKTeX 2.9\tex/generic/ifxete
x\ifxetex.sty"
Package: ifxetex 2010/09/12 v0.6 Provides ifxetex conditional
)
\Gm@cnth=\count123
\Gm@cntv=\count124
\c@Gm@tempcnt=\count125
\Gm@bindingoffset=\dimen117
\Gm@wd@mp=\dimen118
\Gm@odd@mp=\dimen119
\Gm@even@mp=\dimen120
\Gm@layoutwidth=\dimen121
\Gm@layoutheight=\dimen122
\Gm@layouthoffset=\dimen123
\Gm@layoutvoffset=\dimen124
\Gm@dimlist=\toks22

("C:\Users\Alexander Daily\AppData\Local\Programs\MiKTeX 2.9\tex/latex/geometry
\geometry.cfg"))
("C:\Users\Alexander Daily\AppData\Local\Programs\MiKTeX 2.9\tex/latex/koma-scr
ipt\scrpage2.sty"
Package: scrpage2 2019/02/01 v3.26b KOMA-Script package (page head and foot)


Package scrpage2 Warning: usage of obsolete package!
(scrpage2)                Package `scrpage2' is obsolete.
(scrpage2)                You should not longer use package `scrpage2'.
(scrpage2)                You should replace usage of package `scrpage2'
(scrpage2)                by `scrlayer-scrpage' on input line 52.

LaTeX Info: Redefining \pagemark on input line 180.
)) (Einstellungen/Graphik.tex
("C:\Users\Alexander Daily\AppData\Local\Programs\MiKTeX 2.9\tex/latex/graphics
\graphicx.sty"
Package: graphicx 2017/06/01 v1.1a Enhanced LaTeX Graphics (DPC,SPQR)

("C:\Users\Alexander Daily\AppData\Local\Programs\MiKTeX 2.9\tex/latex/graphics
\graphics.sty"
Package: graphics 2017/06/25 v1.2c Standard LaTeX Graphics (DPC,SPQR)

("C:\Users\Alexander Daily\AppData\Local\Programs\MiKTeX 2.9\tex/latex/graphics
\trig.sty"
Package: trig 2016/01/03 v1.10 sin cos tan (DPC)
)
("C:\Users\Alexander Daily\AppData\Local\Programs\MiKTeX 2.9\tex/latex/graphics
-cfg\graphics.cfg"
File: graphics.cfg 2016/06/04 v1.11 sample graphics configuration
)
Package graphics Info: Driver file: pdftex.def on input line 99.

("C:\Users\Alexander Daily\AppData\Local\Programs\MiKTeX 2.9\tex/latex/graphics
-def\pdftex.def"
File: pdftex.def 2018/01/08 v1.0l Graphics/color driver for pdftex
))
\Gin@req@height=\dimen125
\Gin@req@width=\dimen126
))
("C:\Users\Alexander Daily\AppData\Local\Programs\MiKTeX 2.9\tex/latex/oberdiek
\epstopdf.sty"
Package: epstopdf 2016/05/15 v2.6 Conversion with epstopdf on the fly (HO)

("C:\Users\Alexander Daily\AppData\Local\Programs\MiKTeX 2.9\tex/latex/oberdiek
\epstopdf-base.sty"
Package: epstopdf-base 2016/05/15 v2.6 Base part for package epstopdf

("C:\Users\Alexander Daily\AppData\Local\Programs\MiKTeX 2.9\tex/latex/oberdiek
\grfext.sty"
Package: grfext 2016/05/16 v1.2 Manage graphics extensions (HO)

("C:\Users\Alexander Daily\AppData\Local\Programs\MiKTeX 2.9\tex/generic/oberdi
ek\kvdefinekeys.sty"
Package: kvdefinekeys 2016/05/16 v1.4 Define keys (HO)
))
Package epstopdf-base Info: Redefining graphics rule for `.eps' on input line 4
38.
Package grfext Info: Graphics extension search list:
(grfext)             [.pdf,.png,.jpg,.mps,.jpeg,.jbig2,.jb2,.PDF,.PNG,.JPG,.JPE
G,.JBIG2,.JB2,.eps]
(grfext)             \AppendGraphicsExtensions on input line 456.
)) (Einstellungen/Mathe.tex
("C:\Users\Alexander Daily\AppData\Local\Programs\MiKTeX 2.9\tex/latex/amsmath\
amsmath.sty"
Package: amsmath 2018/12/01 v2.17b AMS math features
\@mathmargin=\skip65

For additional information on amsmath, use the `?' option.

("C:\Users\Alexander Daily\AppData\Local\Programs\MiKTeX 2.9\tex/latex/amsmath\
amstext.sty"
Package: amstext 2000/06/29 v2.01 AMS text

("C:\Users\Alexander Daily\AppData\Local\Programs\MiKTeX 2.9\tex/latex/amsmath\
amsgen.sty"
File: amsgen.sty 1999/11/30 v2.0 generic functions
\@emptytoks=\toks23
\ex@=\dimen127
))
("C:\Users\Alexander Daily\AppData\Local\Programs\MiKTeX 2.9\tex/latex/amsmath\
amsbsy.sty"
Package: amsbsy 1999/11/29 v1.2d Bold Symbols
\pmbraise@=\dimen128
)
("C:\Users\Alexander Daily\AppData\Local\Programs\MiKTeX 2.9\tex/latex/amsmath\
amsopn.sty"
Package: amsopn 2016/03/08 v2.02 operator names
)
\inf@bad=\count126
LaTeX Info: Redefining \frac on input line 223.
\uproot@=\count127
\leftroot@=\count128
LaTeX Info: Redefining \overline on input line 385.
\classnum@=\count129
\DOTSCASE@=\count130
LaTeX Info: Redefining \ldots on input line 482.
LaTeX Info: Redefining \dots on input line 485.
LaTeX Info: Redefining \cdots on input line 606.
\Mathstrutbox@=\box32
\strutbox@=\box33
\big@size=\dimen129
LaTeX Font Info:    Redeclaring font encoding OML on input line 729.
LaTeX Font Info:    Redeclaring font encoding OMS on input line 730.
\macc@depth=\count131
\c@MaxMatrixCols=\count132
\dotsspace@=\muskip10
\c@parentequation=\count133
\dspbrk@lvl=\count134
\tag@help=\toks24
\row@=\count135
\column@=\count136
\maxfields@=\count137
\andhelp@=\toks25
\eqnshift@=\dimen130
\alignsep@=\dimen131
\tagshift@=\dimen132
\tagwidth@=\dimen133
\totwidth@=\dimen134
\lineht@=\dimen135
\@envbody=\toks26
\multlinegap=\skip66
\multlinetaggap=\skip67
\mathdisplay@stack=\toks27
LaTeX Info: Redefining \[ on input line 2844.
LaTeX Info: Redefining \] on input line 2845.
)
("C:\Users\Alexander Daily\AppData\Local\Programs\MiKTeX 2.9\tex/latex/amsfonts
\amsfonts.sty"
Package: amsfonts 2013/01/14 v3.01 Basic AMSFonts support
\symAMSa=\mathgroup4
\symAMSb=\mathgroup5
LaTeX Font Info:    Overwriting math alphabet `\mathfrak' in version `bold'
(Font)                  U/euf/m/n --> U/euf/b/n on input line 106.
)
("C:\Users\Alexander Daily\AppData\Local\Programs\MiKTeX 2.9\tex/latex/amsfonts
\amssymb.sty"
Package: amssymb 2013/01/14 v3.01 AMS font symbols
)
("C:\Users\Alexander Daily\AppData\Local\Programs\MiKTeX 2.9\tex/latex/stmaryrd
\stmaryrd.sty"
Package: stmaryrd 1994/03/03 St Mary's Road symbol package
\symstmry=\mathgroup6
LaTeX Font Info:    Overwriting symbol font `stmry' in version `bold'
(Font)                  U/stmry/m/n --> U/stmry/b/n on input line 89.
)
LaTeX Font Info:    Overwriting symbol font `stmry' in version `bold'
(Font)                  U/stmry/b/n --> U/stmry/m/n on input line 21.

("C:\Users\Alexander Daily\AppData\Local\Programs\MiKTeX 2.9\tex/latex/amscls\a
msthm.sty"
Package: amsthm 2017/10/31 v2.20.4
\thm@style=\toks28
\thm@bodyfont=\toks29
\thm@headfont=\toks30
\thm@notefont=\toks31
\thm@headpunct=\toks32
\thm@preskip=\skip68
\thm@postskip=\skip69
\thm@headsep=\skip70
\dth@everypar=\toks33
)
("C:\Users\Alexander Daily\AppData\Local\Programs\MiKTeX 2.9\tex/latex/base\lat
exsym.sty"
Package: latexsym 1998/08/17 v2.2e Standard LaTeX package (lasy symbols)
\symlasy=\mathgroup7
LaTeX Font Info:    Overwriting symbol font `lasy' in version `bold'
(Font)                  U/lasy/m/n --> U/lasy/b/n on input line 52.
)
("C:\Users\Alexander Daily\AppData\Local\Programs\MiKTeX 2.9\tex/latex/siunitx\
siunitx.sty"
("C:\Users\Alexander Daily\AppData\Local\Programs\MiKTeX 2.9\tex/latex/l3kernel
\expl3.sty"
Package: expl3 2021-01-09 L3 programming layer (loader) 

("C:\Users\Alexander Daily\AppData\Local\Programs\MiKTeX 2.9\tex/latex/l3kernel
\expl3-code.tex"
Package: expl3 2021-01-09 L3 programming layer (code)
\c_max_int=\count138
\l_tmpa_int=\count139
\l_tmpb_int=\count140
\g_tmpa_int=\count141
\g_tmpb_int=\count142
\l__seq_internal_a_int=\count143
\l__seq_internal_b_int=\count144
\g__kernel_prg_map_int=\count145
\c__ior_term_noprompt_ior=\count146
\c_log_iow=\count147
\l_iow_line_count_int=\count148
\l__iow_line_target_int=\count149
\l__iow_one_indent_int=\count150
\l__iow_indent_int=\count151
\c_zero_dim=\dimen136
\c_max_dim=\dimen137
\l_tmpa_dim=\dimen138
\l_tmpb_dim=\dimen139
\g_tmpa_dim=\dimen140
\g_tmpb_dim=\dimen141
\c_zero_skip=\skip71
\c_max_skip=\skip72
\l_tmpa_skip=\skip73
\l_tmpb_skip=\skip74
\g_tmpa_skip=\skip75
\g_tmpb_skip=\skip76
\c_zero_muskip=\muskip11
\c_max_muskip=\muskip12
\l_tmpa_muskip=\muskip13
\l_tmpb_muskip=\muskip14
\g_tmpa_muskip=\muskip15
\g_tmpb_muskip=\muskip16
\l_keys_choice_int=\count152
\l__intarray_loop_int=\count153
\c__intarray_sp_dim=\dimen142
\g__intarray_font_int=\count154
\c__fp_leading_shift_int=\count155
\c__fp_middle_shift_int=\count156
\c__fp_trailing_shift_int=\count157
\c__fp_big_leading_shift_int=\count158
\c__fp_big_middle_shift_int=\count159
\c__fp_big_trailing_shift_int=\count160
\c__fp_Bigg_leading_shift_int=\count161
\c__fp_Bigg_middle_shift_int=\count162
\c__fp_Bigg_trailing_shift_int=\count163
\c__kernel_randint_max_int=\count164
\g__fp_array_int=\count165
\l__fp_array_loop_int=\count166
\g__cctab_allocate_int=\count167
\l__sort_length_int=\count168
\l__sort_min_int=\count169
\l__sort_top_int=\count170
\l__sort_max_int=\count171
\l__sort_true_max_int=\count172
\l__sort_block_int=\count173
\l__sort_begin_int=\count174
\l__sort_end_int=\count175
\l__sort_A_int=\count176
\l__sort_B_int=\count177
\l__sort_C_int=\count178
\c__str_replacement_char_int=\count179
\l__str_modulo_int=\count180
\l__tl_analysis_normal_int=\count181
\l__tl_analysis_index_int=\count182
\l__tl_analysis_nesting_int=\count183
\l__tl_analysis_type_int=\count184
\l__tl_peek_charcode_int=\count185
\l__regex_internal_a_int=\count186
\l__regex_internal_b_int=\count187
\l__regex_internal_c_int=\count188
\l__regex_balance_int=\count189
\l__regex_group_level_int=\count190
\l__regex_mode_int=\count191
\c__regex_cs_in_class_mode_int=\count192
\c__regex_cs_mode_int=\count193
\l__regex_catcodes_int=\count194
\l__regex_default_catcodes_int=\count195
\c__regex_catcode_D_int=\count196
\c__regex_catcode_S_int=\count197
\c__regex_catcode_L_int=\count198
\c__regex_catcode_O_int=\count199
\c__regex_catcode_A_int=\count266
\c__regex_all_catcodes_int=\count267
\l__regex_show_lines_int=\count268
\l__regex_min_state_int=\count269
\l__regex_max_state_int=\count270
\l__regex_left_state_int=\count271
\l__regex_right_state_int=\count272
\l__regex_capturing_group_int=\count273
\l__regex_min_pos_int=\count274
\l__regex_max_pos_int=\count275
\l__regex_curr_pos_int=\count276
\l__regex_start_pos_int=\count277
\l__regex_success_pos_int=\count278
\l__regex_curr_char_int=\count279
\l__regex_curr_catcode_int=\count280
\l__regex_last_char_int=\count281
\l__regex_last_char_success_int=\count282
\l__regex_case_changed_char_int=\count283
\l__regex_curr_state_int=\count284
\l__regex_step_int=\count285
\l__regex_min_thread_int=\count286
\l__regex_max_thread_int=\count287
\l__regex_replacement_csnames_int=\count288
\l__regex_match_count_int=\count289
\l__regex_min_submatch_int=\count290
\l__regex_submatch_int=\count291
\l__regex_zeroth_submatch_int=\count292
\g__regex_trace_regex_int=\count293
\c_empty_box=\box34
\l_tmpa_box=\box35
\l_tmpb_box=\box36
\g_tmpa_box=\box37
\g_tmpb_box=\box38
\l__box_top_dim=\dimen143
\l__box_bottom_dim=\dimen144
\l__box_left_dim=\dimen145
\l__box_right_dim=\dimen146
\l__box_top_new_dim=\dimen147
\l__box_bottom_new_dim=\dimen148
\l__box_left_new_dim=\dimen149
\l__box_right_new_dim=\dimen150
\l__box_internal_box=\box39
\l__coffin_internal_box=\box40
\l__coffin_internal_dim=\dimen151
\l__coffin_offset_x_dim=\dimen152
\l__coffin_offset_y_dim=\dimen153
\l__coffin_x_dim=\dimen154
\l__coffin_y_dim=\dimen155
\l__coffin_x_prime_dim=\dimen156
\l__coffin_y_prime_dim=\dimen157
\c_empty_coffin=\box41
\l__coffin_aligned_coffin=\box42
\l__coffin_aligned_internal_coffin=\box43
\l_tmpa_coffin=\box44
\l_tmpb_coffin=\box45
\g_tmpa_coffin=\box46
\g_tmpb_coffin=\box47
\l__coffin_bounding_shift_dim=\dimen158
\l__coffin_left_corner_dim=\dimen159
\l__coffin_right_corner_dim=\dimen160
\l__coffin_bottom_corner_dim=\dimen161
\l__coffin_top_corner_dim=\dimen162
\l__coffin_scaled_total_height_dim=\dimen163
\l__coffin_scaled_width_dim=\dimen164
\c__coffin_empty_coffin=\box48
\l__coffin_display_coffin=\box49
\l__coffin_display_coord_coffin=\box50
\l__coffin_display_pole_coffin=\box51
\l__coffin_display_offset_dim=\dimen165
\l__coffin_display_x_dim=\dimen166
\l__coffin_display_y_dim=\dimen167
\g__char_data_ior=\read1

("C:\Users\Alexander Daily\AppData\Local\Programs\MiKTeX 2.9\tex/latex/l3kernel
\l3deprecation.def"
File: l3deprecation.def 2019-04-06 v L3 Deprecated functions
))

! LaTeX Error: File `l3backend-pdftex.def' not found.

Type X to quit or <RETURN> to proceed,
or enter new name. (Default extension: def)

Enter file name: 
! Emergency stop.
<read *> 
         
l.148   { \sys_load_backend:n { } }
                                    
*** (cannot \read from terminal in nonstop modes)

 
Here is how much of TeX's memory you used:
 21640 strings out of 492945
 399801 string characters out of 3121810
 599072 words of memory out of 3000000
 25326 multiletter control sequences out of 15000+200000
 403730 words of font info for 28 fonts, out of 3000000 for 9000
 1141 hyphenation exceptions out of 8191
 57i,1n,70p,9114b,920s stack positions out of 5000i,500n,10000p,200000b,50000s
!  ==> Fatal error occurred, no output PDF file produced!
